<?xml version="1.0" encoding="utf-8" standalone="no"?>
<test-results xmlns:xsi="http://www.w3.org/2001/XMLSchema-instance" xsi:noNamespaceSchemaLocation="nunit_schema_2.5.xsd" name="Pester" total="5" errors="0" failures="0" not-run="0" inconclusive="0" ignored="0" skipped="0" invalid="0" date="2025-08-29" time="15:00:22">
  <environment cwd="C:\Users\Cody\source\spectacl3\scripts\Settings\modules\DirectoryListing" machine-name="WIMZI-R5" clr-version="9.0.6" nunit-version="2.5.8.0" platform="Microsoft Windows 11 Pro|C:\WINDOWS|\Device\Harddisk2\Partition3" user-domain="WIMZI-R5" os-version="10.0.26100" user="Cody" />
  <culture-info current-culture="en-US" current-uiculture="en-US" />
  <test-suite type="TestFixture" name="Pester" executed="True" result="Success" success="True" time="0.8158" asserts="0" description="Pester">
    <results>
      <test-suite type="TestFixture" name="C:\Users\Cody\source\spectacl3\scripts\Settings\modules\DirectoryListing\tests\DirectoryListing.Tests.ps1" executed="True" result="Success" success="True" time="0.8158" asserts="0" description="C:\Users\Cody\source\spectacl3\scripts\Settings\modules\DirectoryListing\tests\DirectoryListing.Tests.ps1">
        <results>
          <test-suite type="TestFixture" name="DirectoryListing module" executed="True" result="Success" success="True" time="0.3425" asserts="0" description="DirectoryListing module">
            <results>
              <test-suite type="TestFixture" name="DirectoryListing module.Size formatting via Get-DirectoryView" executed="True" result="Success" success="True" time="0.1841" asserts="0" description="DirectoryListing module.Size formatting via Get-DirectoryView">
                <results>
                  <test-case description="formats bytes under 1KB as 512 B" name="DirectoryListing module.Size formatting via Get-DirectoryView.formats bytes under 1KB as 512 B" time="0.1356" asserts="0" success="True" result="Success" executed="True" />
                  <test-case description="formats 2048 bytes as 2.0 KB" name="DirectoryListing module.Size formatting via Get-DirectoryView.formats 2048 bytes as 2.0 KB" time="0.0162" asserts="0" success="True" result="Success" executed="True" />
                </results>
              </test-suite>
              <test-suite type="TestFixture" name="DirectoryListing module.Relative time via Get-DirectoryView" executed="True" result="Success" success="True" time="0.2208" asserts="0" description="DirectoryListing module.Relative time via Get-DirectoryView">
                <results>
                  <test-case description="shows seconds for very recent times" name="DirectoryListing module.Relative time via Get-DirectoryView.shows seconds for very recent times" time="0.0163" asserts="0" success="True" result="Success" executed="True" />
                  <test-case description="shows minutes for within the hour" name="DirectoryListing module.Relative time via Get-DirectoryView.shows minutes for within the hour" time="0.0138" asserts="0" success="True" result="Success" executed="True" />
                </results>
              </test-suite>
              <test-suite type="TestFixture" name="DirectoryListing module.ASCII icon mode" executed="True" result="Success" success="True" time="0.2513" asserts="0" description="DirectoryListing module.ASCII icon mode">
                <results>
                  <test-case description="emits ASCII icons with -NoIcons" name="DirectoryListing module.ASCII icon mode.emits ASCII icons with -NoIcons" time="0.0229" asserts="0" success="True" result="Success" executed="True" />
                </results>
              </test-suite>
            </results>
          </test-suite>
        </results>
      </test-suite>
    </results>
  </test-suite>
</test-results>